e:\graphics\openglshadow\shadow volumes\x64\release\shadow volumes_x64_release.pch
e:\graphics\openglshadow\shadow volumes\x64\release\vc140.pdb
e:\graphics\openglshadow\shadow volumes\x64\release\stdafx.obj
e:\graphics\openglshadow\shadow volumes\x64\release\comparison_volumes_mapping.obj
e:\graphics\shadow\openglshadow\shadow volumes\x64\release\shadow volumes_x64_release.pch
e:\graphics\shadow\openglshadow\shadow volumes\x64\release\vc140.pdb
e:\graphics\shadow\openglshadow\shadow volumes\x64\release\stdafx.obj
e:\graphics\shadow\openglshadow\shadow volumes\x64\release\comparison_volumes_mapping.obj
e:\graphics\openglshadow\_bin\x64\shadow volumes_x64_release.exe
e:\graphics\openglshadow\_bin\x64\shadow volumes_x64_release.ipdb
e:\graphics\openglshadow\_bin\x64\shadow volumes_x64_release.iobj
e:\graphics\openglshadow\_bin\x64\shadow volumes_x64_release.pdb
e:\graphics\shadow\openglshadow\_bin\x64\shadow volumes_x64_release.exe
e:\graphics\shadow\openglshadow\_bin\x64\shadow volumes_x64_release.ipdb
e:\graphics\shadow\openglshadow\_bin\x64\shadow volumes_x64_release.iobj
e:\graphics\shadow\openglshadow\_bin\x64\shadow volumes_x64_release.pdb
c:\users\administrator\git\graphics\shadow\openglshadow\shadow volumes\x64\release\comparison_volumes_mapping.obj
c:\users\administrator\git\graphics\shadow\openglshadow\shadow volumes\x64\release\stdafx.obj
c:\users\administrator\git\graphics\shadow\openglshadow\shadow volumes\x64\release\shadow volumes_x64_release.pch
c:\users\administrator\git\graphics\shadow\openglshadow\shadow volumes\x64\release\vc140.pdb
c:\users\administrator\git\graphics\shadow\openglshadow\_bin\x64\shadow volumes_x64_release.pdb
c:\users\administrator\git\graphics\shadow\openglshadow\_bin\x64\shadow volumes_x64_release.exe
c:\users\administrator\git\graphics\shadow\openglshadow\shadow volumes\x64\release\shadow volumes.tlog\cl.command.1.tlog
c:\users\administrator\git\graphics\shadow\openglshadow\shadow volumes\x64\release\shadow volumes.tlog\cl.read.1.tlog
c:\users\administrator\git\graphics\shadow\openglshadow\shadow volumes\x64\release\shadow volumes.tlog\cl.write.1.tlog
c:\users\administrator\git\graphics\shadow\openglshadow\shadow volumes\x64\release\shadow volumes.tlog\link.command.1.tlog
c:\users\administrator\git\graphics\shadow\openglshadow\shadow volumes\x64\release\shadow volumes.tlog\link.read.1.tlog
c:\users\administrator\git\graphics\shadow\openglshadow\shadow volumes\x64\release\shadow volumes.tlog\link.write.1.tlog
